[31m[31merror[31m[39m:   uncaughtException: pre() requires a function, got "undefined"
Error: pre() requires a function, got "undefined"
    at Kareem.pre (C:\Users\kshal\Desktop\projects\node.js\node_modules\kareem\index.js:399:11)
    at Schema.pre (C:\Users\kshal\Desktop\projects\node.js\node_modules\mongoose\lib\schema.js:1339:20)
    at Object.<anonymous> (C:\Users\kshal\Desktop\projects\node.js\src\resources\users\user.model.js:19:12)
    at Module._compile (internal/modules/cjs/loader.js:1256:30)
    at Object.Module._extensions..js (internal/modules/cjs/loader.js:1277:10)
    at Module.load (internal/modules/cjs/loader.js:1105:32)
    at Function.Module._load (internal/modules/cjs/loader.js:967:14)
    at Module.require (internal/modules/cjs/loader.js:1145:19)
    at require (internal/modules/cjs/helpers.js:75:18)
    at Object.<anonymous> (C:\Users\kshal\Desktop\projects\node.js\src\resources\login\login.service.js:7:20)
    at Module._compile (internal/modules/cjs/loader.js:1256:30)
    at Object.Module._extensions..js (internal/modules/cjs/loader.js:1277:10)
    at Module.load (internal/modules/cjs/loader.js:1105:32)
    at Function.Module._load (internal/modules/cjs/loader.js:967:14)
    at Module.require (internal/modules/cjs/loader.js:1145:19)
    at require (internal/modules/cjs/helpers.js:75:18)
[31m[31merror[31m[39m:   uncaughtException: data and salt arguments required
Error: data and salt arguments required
    at C:\Users\kshal\Desktop\projects\node.js\src\utils\authentication\bcrypt.js:9:20
    at C:\Users\kshal\Desktop\projects\node.js\node_modules\bcrypt\bcrypt.js:139:13
    at processTicksAndRejections (internal/process/task_queues.js:75:11)
[31m[31merror[31m[39m:   uncaughtException: data and salt arguments required
Error: data and salt arguments required
    at C:\Users\kshal\Desktop\projects\node.js\src\utils\authentication\bcrypt.js:10:20
    at C:\Users\kshal\Desktop\projects\node.js\node_modules\bcrypt\bcrypt.js:139:13
    at processTicksAndRejections (internal/process/task_queues.js:75:11)
[31m[31merror[31m[39m:   uncaughtException: data and salt arguments required
Error: data and salt arguments required
    at C:\Users\kshal\Desktop\projects\node.js\src\utils\authentication\bcrypt.js:9:20
    at C:\Users\kshal\Desktop\projects\node.js\node_modules\bcrypt\bcrypt.js:139:13
    at processTicksAndRejections (internal/process/task_queues.js:75:11)
[31m[31merror[31m[39m:   uncaughtException: Cannot find module './jwt'
Require stack:
- C:\Users\kshal\Desktop\projects\node.js\src\utils\authentication\index.js
- C:\Users\kshal\Desktop\projects\node.js\src\app.js
- C:\Users\kshal\Desktop\projects\node.js\src\server.js
Error: Cannot find module './jwt'
Require stack:
- C:\Users\kshal\Desktop\projects\node.js\src\utils\authentication\index.js
- C:\Users\kshal\Desktop\projects\node.js\src\app.js
- C:\Users\kshal\Desktop\projects\node.js\src\server.js
    at Function.Module._resolveFilename (internal/modules/cjs/loader.js:1085:15)
    at Function.Module._load (internal/modules/cjs/loader.js:928:27)
    at Module.require (internal/modules/cjs/loader.js:1145:19)
    at require (internal/modules/cjs/helpers.js:75:18)
    at Object.<anonymous> (C:\Users\kshal\Desktop\projects\node.js\src\utils\authentication\index.js:2:17)
    at Module._compile (internal/modules/cjs/loader.js:1256:30)
    at Object.Module._extensions..js (internal/modules/cjs/loader.js:1277:10)
    at Module.load (internal/modules/cjs/loader.js:1105:32)
    at Function.Module._load (internal/modules/cjs/loader.js:967:14)
    at Module.require (internal/modules/cjs/loader.js:1145:19)
    at require (internal/modules/cjs/helpers.js:75:18)
    at Object.<anonymous> (C:\Users\kshal\Desktop\projects\node.js\src\app.js:9:34)
    at Module._compile (internal/modules/cjs/loader.js:1256:30)
    at Object.Module._extensions..js (internal/modules/cjs/loader.js:1277:10)
    at Module.load (internal/modules/cjs/loader.js:1105:32)
    at Function.Module._load (internal/modules/cjs/loader.js:967:14)
